<?xml version="1.0" encoding="UTF-8"?>
<testng-results ignored="0" total="1" passed="1" failed="0" skipped="0">
  <reporter-output>
  </reporter-output>
  <suite started-at="2021-12-02T10:07:13 GMT-08:00" name="Default suite" finished-at="2021-12-02T10:07:13 GMT-08:00" duration-ms="103">
    <groups>
    </groups>
    <test started-at="2021-12-02T10:07:13 GMT-08:00" name="Default test" finished-at="2021-12-02T10:07:13 GMT-08:00" duration-ms="103">
      <class name="apptest.tcTest">
        <test-method is-config="true" signature="browserlanch()[pri:0, instance:apptest.tcTest@222eb8aa]" started-at="2021-12-02T10:07:13 GMT-08:00" name="browserlanch" finished-at="2021-12-02T10:07:13 GMT-08:00" duration-ms="28" status="PASS">
          <reporter-output>
          </reporter-output>
        </test-method> <!-- browserlanch -->
        <test-method is-config="true" signature="openapp()[pri:0, instance:apptest.tcTest@222eb8aa]" started-at="2021-12-02T10:07:13 GMT-08:00" name="openapp" finished-at="2021-12-02T10:07:13 GMT-08:00" duration-ms="1" status="PASS">
          <reporter-output>
          </reporter-output>
        </test-method> <!-- openapp -->
        <test-method signature="login()[pri:0, instance:apptest.tcTest@222eb8aa]" started-at="2021-12-02T10:07:13 GMT-08:00" name="login" finished-at="2021-12-02T10:07:13 GMT-08:00" duration-ms="7" status="PASS">
          <reporter-output>
          </reporter-output>
        </test-method> <!-- login -->
        <test-method is-config="true" signature="productaddtocart()[pri:0, instance:apptest.tcTest@222eb8aa]" started-at="2021-12-02T10:07:13 GMT-08:00" name="productaddtocart" finished-at="2021-12-02T10:07:13 GMT-08:00" duration-ms="2" status="PASS">
          <reporter-output>
          </reporter-output>
        </test-method> <!-- productaddtocart -->
        <test-method is-config="true" signature="purchage()[pri:0, instance:apptest.tcTest@222eb8aa]" started-at="2021-12-02T10:07:13 GMT-08:00" name="purchage" finished-at="2021-12-02T10:07:13 GMT-08:00" duration-ms="2" status="PASS">
          <reporter-output>
          </reporter-output>
        </test-method> <!-- purchage -->
      </class> <!-- apptest.tcTest -->
    </test> <!-- Default test -->
  </suite> <!-- Default suite -->
</testng-results>
